make: Nothing to be done for 'build'.
Vector Length;NumGangs;Grid Size;Total Alive Cells;Total Execution Time
128;1024;128;5902;0.000106
128;1024;256;24387;0.000148
128;1024;512;98628;0.000227
128;1024;1024;397832;0.000385
128;1024;2048;1562036;0.000704
128;1024;4096;6232877;0.001342
128;1024;8192;24824799;0.002625
128;1024;16384;100584758;0.006355
128;1024;32768;402481820;0.025287
128;2048;128;5902;0.000107
128;2048;256;24387;0.000151
128;2048;512;98628;0.000229
128;2048;1024;397832;0.000387
128;2048;2048;1562036;0.000707
128;2048;4096;6232877;0.001349
128;2048;8192;24824799;0.002610
128;2048;16384;100584758;0.006370
128;2048;32768;402481820;0.025269
128;3072;128;5902;0.000110
128;3072;256;24387;0.000152
128;3072;512;98628;0.000229
128;3072;1024;397832;0.000389
128;3072;2048;1562036;0.000703
128;3072;4096;6232877;0.001342
128;3072;8192;24824799;0.002604
128;3072;16384;100584758;0.006304
128;3072;32768;402481820;0.024472
128;4096;128;5902;0.000112
128;4096;256;24387;0.000155
128;4096;512;98628;0.000232
128;4096;1024;397832;0.000390
128;4096;2048;1562036;0.000706
128;4096;4096;6232877;0.001344
128;4096;8192;24824799;0.002602
128;4096;16384;100584758;0.006309
128;4096;32768;402481820;0.024484
128;5120;128;5902;0.000113
128;5120;256;24387;0.000157
128;5120;512;98628;0.000234
128;5120;1024;397832;0.000394
128;5120;2048;1562036;0.000709
128;5120;4096;6232877;0.001347
128;5120;8192;24824799;0.002604
128;5120;16384;100584758;0.006313
128;5120;32768;402481820;0.024478
128;6144;128;5902;0.000117
128;6144;256;24387;0.000159
128;6144;512;98628;0.000236
128;6144;1024;397832;0.000395
128;6144;2048;1562036;0.000712
128;6144;4096;6232877;0.001348
128;6144;8192;24824799;0.002608
128;6144;16384;100584758;0.006314
128;6144;32768;402481820;0.024473
128;7168;128;5902;0.000119
128;7168;256;24387;0.000163
128;7168;512;98628;0.000243
128;7168;1024;397832;0.000399
128;7168;2048;1562036;0.000715
128;7168;4096;6232877;0.001350
128;7168;8192;24824799;0.002611
128;7168;16384;100584758;0.006323
128;7168;32768;402481820;0.024466
128;8192;128;5902;0.000122
128;8192;256;24387;0.000165
128;8192;512;98628;0.000243
128;8192;1024;397832;0.000402
128;8192;2048;1562036;0.000717
128;8192;4096;6232877;0.001353
128;8192;8192;24824799;0.002635
128;8192;16384;100584758;0.006321
128;8192;32768;402481820;0.024491
128;9216;128;5902;0.000124
128;9216;256;24387;0.000167
128;9216;512;98628;0.000244
128;9216;1024;397832;0.000403
128;9216;2048;1562036;0.000719
128;9216;4096;6232877;0.001356
128;9216;8192;24824799;0.002617
128;9216;16384;100584758;0.006318
128;9216;32768;402481820;0.024480
128;10240;128;5902;0.000126
128;10240;256;24387;0.000170
128;10240;512;98628;0.000247
128;10240;1024;397832;0.000405
128;10240;2048;1562036;0.000722
128;10240;4096;6232877;0.001358
128;10240;8192;24824799;0.002617
128;10240;16384;100584758;0.006330
128;10240;32768;402481820;0.024482
256;1024;128;5902;0.000104
256;1024;256;24387;0.000148
256;1024;512;98628;0.000227
256;1024;1024;397832;0.000386
256;1024;2048;1562036;0.000704
256;1024;4096;6232877;0.001342
256;1024;8192;24824799;0.002608
256;1024;16384;100584758;0.006362
256;1024;32768;402481820;0.025284
256;2048;128;5902;0.000107
256;2048;256;24387;0.000151
256;2048;512;98628;0.000232
256;2048;1024;397832;0.000386
256;2048;2048;1562036;0.000708
256;2048;4096;6232877;0.001346
256;2048;8192;24824799;0.002610
256;2048;16384;100584758;0.006379
256;2048;32768;402481820;0.025286
256;3072;128;5902;0.000110
256;3072;256;24387;0.000153
256;3072;512;98628;0.000231
256;3072;1024;397832;0.000387
256;3072;2048;1562036;0.000705
256;3072;4096;6232877;0.001346
256;3072;8192;24824799;0.002600
256;3072;16384;100584758;0.006317
256;3072;32768;402481820;0.024429
256;4096;128;5902;0.000112
256;4096;256;24387;0.000155
256;4096;512;98628;0.000234
256;4096;1024;397832;0.000390
256;4096;2048;1562036;0.000708
256;4096;4096;6232877;0.001344
256;4096;8192;24824799;0.002622
256;4096;16384;100584758;0.006310
256;4096;32768;402481820;0.024463
256;5120;128;5902;0.000114
256;5120;256;24387;0.000157
256;5120;512;98628;0.000234
256;5120;1024;397832;0.000394
256;5120;2048;1562036;0.000708
256;5120;4096;6232877;0.001350
256;5120;8192;24824799;0.002625
256;5120;16384;100584758;0.006316
256;5120;32768;402481820;0.024462
256;6144;128;5902;0.000117
256;6144;256;24387;0.000160
256;6144;512;98628;0.000237
256;6144;1024;397832;0.000396
256;6144;2048;1562036;0.000713
256;6144;4096;6232877;0.001348
256;6144;8192;24824799;0.002606
256;6144;16384;100584758;0.006319
256;6144;32768;402481820;0.024474
256;7168;128;5902;0.000119
256;7168;256;24387;0.000163
256;7168;512;98628;0.000241
256;7168;1024;397832;0.000398
256;7168;2048;1562036;0.000713
256;7168;4096;6232877;0.001352
256;7168;8192;24824799;0.002612
256;7168;16384;100584758;0.006317
256;7168;32768;402481820;0.024451
256;8192;128;5902;0.000122
256;8192;256;24387;0.000165
256;8192;512;98628;0.000242
256;8192;1024;397832;0.000401
256;8192;2048;1562036;0.000715
256;8192;4096;6232877;0.001354
256;8192;8192;24824799;0.002629
256;8192;16384;100584758;0.006318
256;8192;32768;402481820;0.024476
256;9216;128;5902;0.000124
256;9216;256;24387;0.000166
256;9216;512;98628;0.000245
256;9216;1024;397832;0.000404
256;9216;2048;1562036;0.000720
256;9216;4096;6232877;0.001357
256;9216;8192;24824799;0.002615
256;9216;16384;100584758;0.006328
256;9216;32768;402481820;0.024484
256;10240;128;5902;0.000127
256;10240;256;24387;0.000170
256;10240;512;98628;0.000247
256;10240;1024;397832;0.000406
256;10240;2048;1562036;0.000721
256;10240;4096;6232877;0.001360
256;10240;8192;24824799;0.002637
256;10240;16384;100584758;0.006322
256;10240;32768;402481820;0.024465
384;1024;128;5902;0.000105
384;1024;256;24387;0.000149
384;1024;512;98628;0.000225
384;1024;1024;397832;0.000384
384;1024;2048;1562036;0.000703
384;1024;4096;6232877;0.001343
384;1024;8192;24824799;0.002608
384;1024;16384;100584758;0.006373
384;1024;32768;402481820;0.025244
384;2048;128;5902;0.000107
384;2048;256;24387;0.000151
384;2048;512;98628;0.000229
384;2048;1024;397832;0.000388
384;2048;2048;1562036;0.000708
384;2048;4096;6232877;0.001347
384;2048;8192;24824799;0.002611
384;2048;16384;100584758;0.006374
384;2048;32768;402481820;0.025279
384;3072;128;5902;0.000109
384;3072;256;24387;0.000154
384;3072;512;98628;0.000232
384;3072;1024;397832;0.000387
384;3072;2048;1562036;0.000704
384;3072;4096;6232877;0.001342
384;3072;8192;24824799;0.002602
384;3072;16384;100584758;0.006314
384;3072;32768;402481820;0.024455
384;4096;128;5902;0.000112
384;4096;256;24387;0.000156
384;4096;512;98628;0.000234
384;4096;1024;397832;0.000389
384;4096;2048;1562036;0.000706
384;4096;4096;6232877;0.001346
384;4096;8192;24824799;0.002602
384;4096;16384;100584758;0.006307
384;4096;32768;402481820;0.024462
384;5120;128;5902;0.000115
384;5120;256;24387;0.000158
384;5120;512;98628;0.000237
384;5120;1024;397832;0.000393
384;5120;2048;1562036;0.000708
384;5120;4096;6232877;0.001345
384;5120;8192;24824799;0.002605
384;5120;16384;100584758;0.006314
384;5120;32768;402481820;0.024457
384;6144;128;5902;0.000117
384;6144;256;24387;0.000160
384;6144;512;98628;0.000237
384;6144;1024;397832;0.000396
384;6144;2048;1562036;0.000711
384;6144;4096;6232877;0.001349
384;6144;8192;24824799;0.002609
384;6144;16384;100584758;0.006314
384;6144;32768;402481820;0.024443
384;7168;128;5902;0.000120
384;7168;256;24387;0.000163
384;7168;512;98628;0.000240
384;7168;1024;397832;0.000400
384;7168;2048;1562036;0.000714
384;7168;4096;6232877;0.001350
384;7168;8192;24824799;0.002632
384;7168;16384;100584758;0.006320
384;7168;32768;402481820;0.024488
384;8192;128;5902;0.000121
384;8192;256;24387;0.000167
384;8192;512;98628;0.000242
384;8192;1024;397832;0.000401
384;8192;2048;1562036;0.000718
384;8192;4096;6232877;0.001355
384;8192;8192;24824799;0.002614
384;8192;16384;100584758;0.006321
384;8192;32768;402481820;0.024458
384;9216;128;5902;0.000125
384;9216;256;24387;0.000168
384;9216;512;98628;0.000244
384;9216;1024;397832;0.000403
384;9216;2048;1562036;0.000718
384;9216;4096;6232877;0.001355
384;9216;8192;24824799;0.002639
384;9216;16384;100584758;0.006318
384;9216;32768;402481820;0.024470
384;10240;128;5902;0.000127
384;10240;256;24387;0.000170
384;10240;512;98628;0.000247
384;10240;1024;397832;0.000406
384;10240;2048;1562036;0.000721
384;10240;4096;6232877;0.001360
384;10240;8192;24824799;0.002617
384;10240;16384;100584758;0.006315
384;10240;32768;402481820;0.024472
512;1024;128;5902;0.000105
512;1024;256;24387;0.000148
512;1024;512;98628;0.000226
512;1024;1024;397832;0.000385
512;1024;2048;1562036;0.000703
512;1024;4096;6232877;0.001344
512;1024;8192;24824799;0.002627
512;1024;16384;100584758;0.006362
512;1024;32768;402481820;0.025243
512;2048;128;5902;0.000107
512;2048;256;24387;0.000150
512;2048;512;98628;0.000229
512;2048;1024;397832;0.000386
512;2048;2048;1562036;0.000706
512;2048;4096;6232877;0.001345
512;2048;8192;24824799;0.002627
512;2048;16384;100584758;0.006364
512;2048;32768;402481820;0.025252
512;3072;128;5902;0.000110
512;3072;256;24387;0.000153
512;3072;512;98628;0.000230
512;3072;1024;397832;0.000388
512;3072;2048;1562036;0.000704
512;3072;4096;6232877;0.001341
512;3072;8192;24824799;0.002618
512;3072;16384;100584758;0.006299
512;3072;32768;402481820;0.024456
512;4096;128;5902;0.000111
512;4096;256;24387;0.000155
512;4096;512;98628;0.000231
512;4096;1024;397832;0.000391
512;4096;2048;1562036;0.000706
512;4096;4096;6232877;0.001370
512;4096;8192;24824799;0.002603
512;4096;16384;100584758;0.006302
512;4096;32768;402481820;0.024465
512;5120;128;5902;0.000114
512;5120;256;24387;0.000158
512;5120;512;98628;0.000235
512;5120;1024;397832;0.000393
512;5120;2048;1562036;0.000710
512;5120;4096;6232877;0.001348
512;5120;8192;24824799;0.002605
512;5120;16384;100584758;0.006306
512;5120;32768;402481820;0.024447
512;6144;128;5902;0.000116
512;6144;256;24387;0.000160
512;6144;512;98628;0.000237
512;6144;1024;397832;0.000396
512;6144;2048;1562036;0.000712
512;6144;4096;6232877;0.001350
512;6144;8192;24824799;0.002609
512;6144;16384;100584758;0.006313
512;6144;32768;402481820;0.024460
512;7168;128;5902;0.000118
512;7168;256;24387;0.000162
512;7168;512;98628;0.000239
512;7168;1024;397832;0.000397
512;7168;2048;1562036;0.000714
512;7168;4096;6232877;0.001353
512;7168;8192;24824799;0.002611
512;7168;16384;100584758;0.006323
512;7168;32768;402481820;0.024466
512;8192;128;5902;0.000122
512;8192;256;24387;0.000164
512;8192;512;98628;0.000242
512;8192;1024;397832;0.000401
512;8192;2048;1562036;0.000718
512;8192;4096;6232877;0.001353
512;8192;8192;24824799;0.002613
512;8192;16384;100584758;0.006321
512;8192;32768;402481820;0.024456
512;9216;128;5902;0.000124
512;9216;256;24387;0.000167
512;9216;512;98628;0.000245
512;9216;1024;397832;0.000403
512;9216;2048;1562036;0.000719
512;9216;4096;6232877;0.001355
512;9216;8192;24824799;0.002616
512;9216;16384;100584758;0.006325
512;9216;32768;402481820;0.024467
512;10240;128;5902;0.000127
512;10240;256;24387;0.000169
512;10240;512;98628;0.000247
512;10240;1024;397832;0.000405
512;10240;2048;1562036;0.000721
512;10240;4096;6232877;0.001355
512;10240;8192;24824799;0.002620
512;10240;16384;100584758;0.006320
512;10240;32768;402481820;0.024469
640;1024;128;5902;0.000104
640;1024;256;24387;0.000149
640;1024;512;98628;0.000225
640;1024;1024;397832;0.000386
640;1024;2048;1562036;0.000704
640;1024;4096;6232877;0.001342
640;1024;8192;24824799;0.002627
640;1024;16384;100584758;0.006371
640;1024;32768;402481820;0.025263
640;2048;128;5902;0.000106
640;2048;256;24387;0.000151
640;2048;512;98628;0.000228
640;2048;1024;397832;0.000388
640;2048;2048;1562036;0.000706
640;2048;4096;6232877;0.001346
640;2048;8192;24824799;0.002611
640;2048;16384;100584758;0.006362
640;2048;32768;402481820;0.025219
640;3072;128;5902;0.000110
640;3072;256;24387;0.000152
640;3072;512;98628;0.000230
640;3072;1024;397832;0.000388
640;3072;2048;1562036;0.000705
640;3072;4096;6232877;0.001341
640;3072;8192;24824799;0.002617
640;3072;16384;100584758;0.006313
640;3072;32768;402481820;0.024447
640;4096;128;5902;0.000112
640;4096;256;24387;0.000155
640;4096;512;98628;0.000233
640;4096;1024;397832;0.000392
640;4096;2048;1562036;0.000706
640;4096;4096;6232877;0.001346
640;4096;8192;24824799;0.002604
640;4096;16384;100584758;0.006304
640;4096;32768;402481820;0.024450
640;5120;128;5902;0.000114
640;5120;256;24387;0.000157
640;5120;512;98628;0.000238
640;5120;1024;397832;0.000394
640;5120;2048;1562036;0.000708
640;5120;4096;6232877;0.001346
640;5120;8192;24824799;0.002604
640;5120;16384;100584758;0.006312
640;5120;32768;402481820;0.024457
640;6144;128;5902;0.000116
640;6144;256;24387;0.000161
640;6144;512;98628;0.000238
640;6144;1024;397832;0.000395
640;6144;2048;1562036;0.000712
640;6144;4096;6232877;0.001350
640;6144;8192;24824799;0.002607
640;6144;16384;100584758;0.006308
640;6144;32768;402481820;0.024463
640;7168;128;5902;0.000119
640;7168;256;24387;0.000162
640;7168;512;98628;0.000239
640;7168;1024;397832;0.000399
640;7168;2048;1562036;0.000714
640;7168;4096;6232877;0.001354
640;7168;8192;24824799;0.002611
640;7168;16384;100584758;0.006308
640;7168;32768;402481820;0.024476
640;8192;128;5902;0.000122
640;8192;256;24387;0.000165
640;8192;512;98628;0.000241
640;8192;1024;397832;0.000400
640;8192;2048;1562036;0.000716
640;8192;4096;6232877;0.001354
640;8192;8192;24824799;0.002628
640;8192;16384;100584758;0.006322
640;8192;32768;402481820;0.024485
640;9216;128;5902;0.000128
640;9216;256;24387;0.000167
640;9216;512;98628;0.000244
640;9216;1024;397832;0.000404
640;9216;2048;1562036;0.000719
640;9216;4096;6232877;0.001355
640;9216;8192;24824799;0.002631
640;9216;16384;100584758;0.006327
640;9216;32768;402481820;0.024464
640;10240;128;5902;0.000129
640;10240;256;24387;0.000170
640;10240;512;98628;0.000247
640;10240;1024;397832;0.000405
640;10240;2048;1562036;0.000719
640;10240;4096;6232877;0.001357
640;10240;8192;24824799;0.002619
640;10240;16384;100584758;0.006324
640;10240;32768;402481820;0.024498
768;1024;128;5902;0.000105
768;1024;256;24387;0.000148
768;1024;512;98628;0.000226
768;1024;1024;397832;0.000386
768;1024;2048;1562036;0.000704
768;1024;4096;6232877;0.001344
768;1024;8192;24824799;0.002609
768;1024;16384;100584758;0.006361
768;1024;32768;402481820;0.025239
768;2048;128;5902;0.000108
768;2048;256;24387;0.000150
768;2048;512;98628;0.000229
768;2048;1024;397832;0.000389
768;2048;2048;1562036;0.000707
768;2048;4096;6232877;0.001346
768;2048;8192;24824799;0.002632
768;2048;16384;100584758;0.006365
768;2048;32768;402481820;0.025217
768;3072;128;5902;0.000109
768;3072;256;24387;0.000152
768;3072;512;98628;0.000230
768;3072;1024;397832;0.000389
768;3072;2048;1562036;0.000705
768;3072;4096;6232877;0.001341
768;3072;8192;24824799;0.002620
768;3072;16384;100584758;0.006301
768;3072;32768;402481820;0.024446
768;4096;128;5902;0.000120
768;4096;256;24387;0.000155
768;4096;512;98628;0.000232
768;4096;1024;397832;0.000390
768;4096;2048;1562036;0.000706
768;4096;4096;6232877;0.001343
768;4096;8192;24824799;0.002605
768;4096;16384;100584758;0.006304
768;4096;32768;402481820;0.024468
768;5120;128;5902;0.000117
768;5120;256;24387;0.000158
768;5120;512;98628;0.000235
768;5120;1024;397832;0.000393
768;5120;2048;1562036;0.000709
768;5120;4096;6232877;0.001345
768;5120;8192;24824799;0.002624
768;5120;16384;100584758;0.006314
768;5120;32768;402481820;0.024442
768;6144;128;5902;0.000117
768;6144;256;24387;0.000161
768;6144;512;98628;0.000239
768;6144;1024;397832;0.000396
768;6144;2048;1562036;0.000713
768;6144;4096;6232877;0.001350
768;6144;8192;24824799;0.002627
768;6144;16384;100584758;0.006304
768;6144;32768;402481820;0.024459
768;7168;128;5902;0.000119
768;7168;256;24387;0.000162
768;7168;512;98628;0.000239
768;7168;1024;397832;0.000399
768;7168;2048;1562036;0.000714
768;7168;4096;6232877;0.001350
768;7168;8192;24824799;0.002632
768;7168;16384;100584758;0.006317
768;7168;32768;402481820;0.024460
768;8192;128;5902;0.000121
768;8192;256;24387;0.000166
768;8192;512;98628;0.000244
768;8192;1024;397832;0.000401
768;8192;2048;1562036;0.000716
768;8192;4096;6232877;0.001353
768;8192;8192;24824799;0.002614
768;8192;16384;100584758;0.006320
768;8192;32768;402481820;0.024484
768;9216;128;5902;0.000124
768;9216;256;24387;0.000167
768;9216;512;98628;0.000244
768;9216;1024;397832;0.000403
768;9216;2048;1562036;0.000719
768;9216;4096;6232877;0.001354
768;9216;8192;24824799;0.002614
768;9216;16384;100584758;0.006316
768;9216;32768;402481820;0.024474
768;10240;128;5902;0.000128
768;10240;256;24387;0.000170
768;10240;512;98628;0.000246
768;10240;1024;397832;0.000405
768;10240;2048;1562036;0.000722
768;10240;4096;6232877;0.001357
768;10240;8192;24824799;0.002617
768;10240;16384;100584758;0.006324
768;10240;32768;402481820;0.024474
896;1024;128;5902;0.000106
896;1024;256;24387;0.000151
896;1024;512;98628;0.000227
896;1024;1024;397832;0.000385
896;1024;2048;1562036;0.000703
896;1024;4096;6232877;0.001343
896;1024;8192;24824799;0.002634
896;1024;16384;100584758;0.006370
896;1024;32768;402481820;0.025276
896;2048;128;5902;0.000107
896;2048;256;24387;0.000152
896;2048;512;98628;0.000233
896;2048;1024;397832;0.000388
896;2048;2048;1562036;0.000705
896;2048;4096;6232877;0.001345
896;2048;8192;24824799;0.002629
896;2048;16384;100584758;0.006364
896;2048;32768;402481820;0.025272
896;3072;128;5902;0.000110
896;3072;256;24387;0.000152
896;3072;512;98628;0.000232
896;3072;1024;397832;0.000387
896;3072;2048;1562036;0.000704
896;3072;4096;6232877;0.001343
896;3072;8192;24824799;0.002615
896;3072;16384;100584758;0.006297
896;3072;32768;402481820;0.024442
896;4096;128;5902;0.000112
896;4096;256;24387;0.000155
896;4096;512;98628;0.000234
896;4096;1024;397832;0.000390
896;4096;2048;1562036;0.000706
896;4096;4096;6232877;0.001345
896;4096;8192;24824799;0.002624
896;4096;16384;100584758;0.006300
896;4096;32768;402481820;0.024440
896;5120;128;5902;0.000114
896;5120;256;24387;0.000157
896;5120;512;98628;0.000238
896;5120;1024;397832;0.000393
896;5120;2048;1562036;0.000708
896;5120;4096;6232877;0.001345
896;5120;8192;24824799;0.002607
896;5120;16384;100584758;0.006314
896;5120;32768;402481820;0.024450
896;6144;128;5902;0.000117
896;6144;256;24387;0.000161
896;6144;512;98628;0.000239
896;6144;1024;397832;0.000395
896;6144;2048;1562036;0.000712
896;6144;4096;6232877;0.001348
896;6144;8192;24824799;0.002607
896;6144;16384;100584758;0.006311
896;6144;32768;402481820;0.024455
896;7168;128;5902;0.000119
896;7168;256;24387;0.000162
896;7168;512;98628;0.000240
896;7168;1024;397832;0.000399
896;7168;2048;1562036;0.000713
896;7168;4096;6232877;0.001351
896;7168;8192;24824799;0.002609
896;7168;16384;100584758;0.006321
896;7168;32768;402481820;0.024415
896;7168;32768;402481820;0.024415
896;8192;128;5902;0.000104
896;8192;256;24387;0.000146
896;8192;512;98628;0.000226
896;8192;1024;397832;0.000382
896;8192;2048;1562036;0.000696
896;8192;4096;6232877;0.001335
896;8192;8192;24824799;0.002611
896;8192;16384;100584758;0.006281
896;8192;32768;402481820;0.024409
896;9216;128;5902;0.000106
896;9216;256;24387;0.000148
896;9216;512;98628;0.000227
896;9216;1024;397832;0.000385
896;9216;2048;1562036;0.000700
896;9216;4096;6232877;0.001335
896;9216;8192;24824799;0.002615
896;9216;16384;100584758;0.006296
896;9216;32768;402481820;0.024438
1024;1024;128;5902;0.000104
1024;1024;256;24387;0.000148
1024;1024;512;98628;0.000224
1024;1024;1024;397832;0.000385
1024;1024;2048;1562036;0.000702
1024;1024;4096;6232877;0.001338
1024;1024;8192;24824799;0.002624
1024;1024;16384;100584758;0.006347
1024;1024;32768;402481820;0.025230
1024;2048;128;5902;0.000107
1024;2048;256;24387;0.000151
1024;2048;512;98628;0.000229
1024;2048;1024;397832;0.000391
1024;2048;2048;1562036;0.000706
1024;2048;4096;6232877;0.001346
1024;2048;8192;24824799;0.002629
1024;2048;16384;100584758;0.006354
1024;2048;32768;402481820;0.025227
1024;3072;128;5902;0.000110
1024;3072;256;24387;0.000153
1024;3072;512;98628;0.000230
1024;3072;1024;397832;0.000388
1024;3072;2048;1562036;0.000706
1024;3072;4096;6232877;0.001342
1024;3072;8192;24824799;0.002623
1024;3072;16384;100584758;0.006301
1024;3072;32768;402481820;0.024448
1024;4096;128;5902;0.000113
1024;4096;256;24387;0.000157
1024;4096;512;98628;0.000235
1024;4096;1024;397832;0.000391
1024;4096;2048;1562036;0.000706
1024;4096;4096;6232877;0.001344
1024;4096;8192;24824799;0.002623
1024;4096;16384;100584758;0.006303
1024;4096;32768;402481820;0.024479
1024;5120;128;5902;0.000117
1024;5120;256;24387;0.000159
1024;5120;512;98628;0.000236
1024;5120;1024;397832;0.000396
1024;5120;2048;1562036;0.000709
1024;5120;4096;6232877;0.001347
1024;5120;8192;24824799;0.002607
1024;5120;16384;100584758;0.006313
1024;5120;32768;402481820;0.024481
1024;6144;128;5902;0.000117
1024;6144;256;24387;0.000159
1024;6144;512;98628;0.000237
1024;6144;1024;397832;0.000394
1024;6144;2048;1562036;0.000711
1024;6144;4096;6232877;0.001349
1024;6144;8192;24824799;0.002608
1024;6144;16384;100584758;0.006314
1024;6144;32768;402481820;0.024475
1024;7168;128;5902;0.000118
1024;7168;256;24387;0.000162
1024;7168;512;98628;0.000239
1024;7168;1024;397832;0.000399
1024;7168;2048;1562036;0.000716
1024;7168;4096;6232877;0.001350
1024;7168;8192;24824799;0.002612
1024;7168;16384;100584758;0.006321
1024;7168;32768;402481820;0.024478
1024;8192;128;5902;0.000121
1024;8192;256;24387;0.000166
1024;8192;512;98628;0.000243
1024;8192;1024;397832;0.000401
1024;8192;2048;1562036;0.000715
1024;8192;4096;6232877;0.001353
1024;8192;8192;24824799;0.002615
1024;8192;16384;100584758;0.006320
1024;8192;32768;402481820;0.024488
1024;9216;128;5902;0.000125
1024;9216;256;24387;0.000166
1024;9216;512;98628;0.000244
1024;9216;1024;397832;0.000403
1024;9216;2048;1562036;0.000718
1024;9216;4096;6232877;0.001357
1024;9216;8192;24824799;0.002616
1024;9216;16384;100584758;0.006329
1024;9216;32768;402481820;0.024467
1024;10240;128;5902;0.000126
1024;10240;256;24387;0.000170
1024;10240;512;98628;0.000247
1024;10240;1024;397832;0.000405
1024;10240;2048;1562036;0.000721
1024;10240;4096;6232877;0.001357
1024;10240;8192;24824799;0.002620
1024;10240;16384;100584758;0.006328
1024;10240;32768;402481820;0.024474

