Array size,Block size,Parallel reduction BW,Sequential reduction BW
8,8,0.000925926,1.6
8,8,0.000816327,1.06667
8,8,0.00094504,1.6
8,8,0.000951249,1.6
8,8,0.000950119,1.6
8,8,0.000928882,1.6
8,8,0.00090421,1.06667
8,8,0.000946438,1.06667
8,8,0.00096151,1.06667
8,8,0.00094198,1.6
16,8,0.00165076,2.13333
16,8,0.00190988,3.2
16,8,0.00189517,2.13333
16,8,0.0018823,2.13333
16,8,0.00187025,2.13333
16,8,0.0019025,3.2
16,8,0.00191904,2.13333
16,8,0.00188902,3.2
16,8,0.00187953,2.13333
16,8,0.00186638,3.2
32,8,0.00374378,6.4
32,8,0.00368972,4.26667
32,8,0.00380828,6.4
32,8,0.00383808,6.4
32,8,0.00365714,6.4
32,8,0.00356338,6.4
32,8,0.0037757,4.26667
32,8,0.00373287,6.4
32,8,0.00374598,3.2
32,8,0.00377247,4.26667
64,8,0.00750931,8.53333
64,8,0.00759419,8.53333
64,8,0.00767616,8.53333
64,8,0.00739009,8.53333
64,8,0.00750293,12.8
64,8,0.00767133,12.8
64,8,0.00724576,12.8
64,8,0.00750491,8.53333
64,8,0.00755831,12.8
64,8,0.00743516,8.53333
128,8,0.0149791,17.0667
128,8,0.0150191,25.6
128,8,0.015139,17.0667
128,8,0.0149572,17.0667
128,8,0.0149795,25.6
128,8,0.0151564,25.6
128,8,0.0151569,25.6
128,8,0.0138904,25.6
128,8,0.015229,25.6
128,8,0.0147042,17.0667
256,8,0.0294337,51.2
256,8,0.0298804,34.1333
256,8,0.0304853,51.2
256,8,0.0303309,51.2
256,8,0.02633,51.2
256,8,0.0300117,51.2
256,8,0.0251969,34.1333
256,8,0.0302681,51.2
256,8,0.0302243,51.2
256,8,0.0298708,51.2
512,8,0.059464,102.4
512,8,0.0599865,68.2667
512,8,0.06034,102.4
512,8,0.0610069,102.4
512,8,0.0591566,102.4
512,8,0.0606815,102.4
512,8,0.0428721,68.2667
512,8,0.0594312,68.2667
512,8,0.0607697,102.4
512,8,0.0608799,68.2667
1024,8,0.121148,136.533
1024,8,0.117398,136.533
1024,8,0.119313,204.8
1024,8,0.118553,204.8
1024,8,0.1176,204.8
1024,8,0.120149,136.533
1024,8,0.12311,204.8
1024,8,0.120364,136.533
1024,8,0.12079,204.8
1024,8,0.118378,136.533
2048,8,0.239532,409.6
2048,8,0.20839,273.067
2048,8,0.236081,409.6
2048,8,0.238271,409.6
2048,8,0.225675,273.067
2048,8,0.229269,273.067
2048,8,0.237167,273.067
2048,8,0.242002,273.067
2048,8,0.243664,409.6
2048,8,0.238625,273.067
4096,8,0.475712,819.2
4096,8,0.478086,546.133
4096,8,0.477932,819.2
4096,8,0.476695,819.2
4096,8,0.471482,546.133
4096,8,0.456125,819.2
4096,8,0.461521,546.133
4096,8,0.473923,546.133
4096,8,0.466767,546.133
4096,8,0.474885,819.2
8192,8,0.922782,1092.27
8192,8,0.921226,1638.4
8192,8,0.921226,1638.4
8192,8,0.9354,1638.4
8192,8,0.929035,1092.27
8192,8,0.917332,1638.4
8192,8,0.920424,1092.27
8192,8,0.927983,1092.27
8192,8,0.914541,1638.4
8192,8,0.9212,1092.27
32,32,0.00378586,4.26667
32,32,0.00384604,4.26667
32,32,0.00370478,4.26667
32,32,0.00382764,6.4
32,32,0.00371877,4.26667
32,32,0.00371758,6.4
32,32,0.00366237,6.4
32,32,0.00369942,4.26667
32,32,0.00372949,4.26667
32,32,0.00380273,4.26667
64,32,0.00765093,8.53333
64,32,0.00762359,12.8
64,32,0.00743754,8.53333
64,32,0.00766903,12.8
64,32,0.00746116,8.53333
64,32,0.0076507,12.8
64,32,0.0076075,12.8
64,32,0.00745465,8.53333
64,32,0.00757374,12.8
64,32,0.00742869,12.8
128,32,0.0153019,25.6
128,32,0.0151122,25.6
128,32,0.0147465,17.0667
128,32,0.0150939,25.6
128,32,0.0149927,25.6
128,32,0.0154078,17.0667
128,32,0.0149572,17.0667
128,32,0.0150407,25.6
128,32,0.0148531,25.6
128,32,0.0149879,17.0667
256,32,0.0297588,34.1333
256,32,0.0296812,34.1333
256,32,0.0304581,51.2
256,32,0.0295186,34.1333
256,32,0.0306028,51.2
256,32,0.0302243,34.1333
256,32,0.0299065,34.1333
256,32,0.0297493,51.2
256,32,0.0294414,34.1333
256,32,0.0299757,34.1333
512,32,0.0596563,68.2667
512,32,0.0609524,68.2667
512,32,0.059848,102.4
512,32,0.0609506,68.2667
512,32,0.0596042,102.4
512,32,0.0588827,102.4
512,32,0.061096,68.2667
512,32,0.0600234,68.2667
512,32,0.060041,102.4
512,32,0.0605899,102.4
1024,32,0.121724,136.533
1024,32,0.121687,136.533
1024,32,0.123742,136.533
1024,32,0.119833,204.8
1024,32,0.118963,204.8
1024,32,0.122815,204.8
1024,32,0.118584,204.8
1024,32,0.122411,204.8
1024,32,0.120612,136.533
1024,32,0.123784,204.8
2048,32,0.237794,409.6
2048,32,0.245564,409.6
2048,32,0.2408,273.067
2048,32,0.206088,273.067
2048,32,0.237037,409.6
2048,32,0.238764,273.067
2048,32,0.234997,273.067
2048,32,0.24236,273.067
2048,32,0.245637,273.067
2048,32,0.238549,273.067
4096,32,0.482862,546.133
4096,32,0.482308,819.2
4096,32,0.471889,546.133
4096,32,0.483875,546.133
4096,32,0.480188,819.2
4096,32,0.47516,546.133
4096,32,0.475864,819.2
4096,32,0.490245,819.2
4096,32,0.47406,546.133
4096,32,0.483147,819.2
8192,32,0.962604,1092.27
8192,32,0.821665,1638.4
8192,32,0.965753,1092.27
8192,32,0.966323,1092.27
8192,32,0.953362,1092.27
8192,32,0.946505,1092.27
8192,32,0.958689,1638.4
8192,32,0.944323,1092.27
8192,32,0.958129,1638.4
8192,32,0.93303,1638.4
128,128,0.0152155,17.0667
128,128,0.0148617,25.6
128,128,0.0151524,17.0667
128,128,0.0148316,17.0667
128,128,0.0148445,17.0667
128,128,0.0149006,17.0667
128,128,0.0151028,17.0667
128,128,0.0149795,17.0667
128,128,0.0150628,17.0667
128,128,0.0151794,25.6
256,128,0.0307406,51.2
256,128,0.0303228,34.1333
256,128,0.0308517,51.2
256,128,0.0302056,34.1333
256,128,0.0295177,34.1333
256,128,0.0302511,34.1333
256,128,0.0305034,34.1333
256,128,0.0261085,34.1333
256,128,0.0300381,34.1333
256,128,0.03044,51.2
512,128,0.0585812,102.4
512,128,0.0598988,68.2667
512,128,0.0604665,68.2667
512,128,0.060269,102.4
512,128,0.0606635,102.4
512,128,0.0592079,68.2667
512,128,0.0498042,68.2667
512,128,0.0506054,68.2667
512,128,0.0599181,102.4
512,128,0.0519257,51.2
1024,128,0.120188,136.533
1024,128,0.140756,136.533
1024,128,0.0827809,68.2667
1024,128,0.118931,136.533
1024,128,0.119977,136.533
1024,128,0.118859,136.533
1024,128,0.119521,136.533
1024,128,0.120969,136.533
1024,128,0.120858,136.533
1024,128,0.120294,136.533
2048,128,0.235809,273.067
2048,128,0.241509,273.067
2048,128,0.248242,273.067
2048,128,0.234997,273.067
2048,128,0.24251,273.067
2048,128,0.244238,273.067
2048,128,0.239113,273.067
2048,128,0.241438,273.067
2048,128,0.237037,273.067
2048,128,0.238549,273.067
4096,128,0.483446,546.133
4096,128,0.490833,546.133
4096,128,0.471346,819.2
4096,128,0.485452,546.133
4096,128,0.416144,819.2
4096,128,0.485884,546.133
4096,128,0.488929,546.133
4096,128,0.478086,546.133
4096,128,0.482877,819.2
4096,128,0.484018,819.2
8192,128,0.706953,1638.4
8192,128,0.977245,1638.4
8192,128,0.9509,1092.27
8192,128,0.958129,1638.4
8192,128,0.946232,1638.4
8192,128,0.943779,1638.4
8192,128,0.962632,1638.4
8192,128,0.954223,1092.27
8192,128,0.942964,1638.4
8192,128,0.974078,1092.27
256,256,0.0296554,51.2
256,256,0.0300196,34.1333
256,256,0.0297156,51.2
256,256,0.0303048,51.2
256,256,0.0294507,34.1333
256,256,0.0288288,51.2
256,256,0.029959,51.2
256,256,0.0294846,51.2
256,256,0.0301176,34.1333
256,256,0.0296803,51.2
512,256,0.0606258,68.2667
512,256,0.0539785,68.2667
512,256,0.0609687,102.4
512,256,0.0607337,102.4
512,256,0.0514302,51.2
512,256,0.0605559,102.4
512,256,0.0602707,102.4
512,256,0.0612972,102.4
512,256,0.0608419,102.4
512,256,0.0605899,68.2667
1024,256,0.116962,204.8
1024,256,0.10393,136.533
1024,256,0.119938,136.533
1024,256,0.119763,136.533
1024,256,0.121539,204.8
1024,256,0.119836,204.8
1024,256,0.12176,204.8
1024,256,0.115377,204.8
1024,256,0.117465,204.8
1024,256,0.118931,204.8
2048,256,0.239043,273.067
2048,256,0.23814,273.067
2048,256,0.24058,409.6
2048,256,0.242719,409.6
2048,256,0.24251,273.067
2048,256,0.243368,273.067
2048,256,0.235599,273.067
2048,256,0.239742,409.6
2048,256,0.24251,273.067
2048,256,0.243447,273.067
4096,256,0.483446,546.133
4096,256,0.484161,819.2
4096,256,0.483718,546.133
4096,256,0.425558,546.133
4096,256,0.476418,819.2
4096,256,0.484161,546.133
4096,256,0.480314,819.2
4096,256,0.465441,819.2
4096,256,0.48515,546.133
4096,256,0.485884,546.133
8192,256,0.939989,1092.27
8192,256,0.896746,1092.27
8192,256,0.976081,1638.4
8192,256,0.962915,1638.4
8192,256,0.950348,1092.27
8192,256,0.951176,1092.27
8192,256,0.960094,1638.4
8192,256,0.954751,1092.27
8192,256,0.740018,1092.27
8192,256,0.96715,1638.4
1024,1024,0.120258,204.8
1024,1024,0.121037,136.533
1024,1024,0.119556,136.533
1024,1024,0.119413,136.533
1024,1024,0.120396,204.8
1024,1024,0.122119,204.8
1024,1024,0.11869,136.533
1024,1024,0.119417,136.533
1024,1024,0.103434,204.8
1024,1024,0.120929,136.533
2048,1024,0.243368,273.067
2048,1024,0.24208,273.067
2048,1024,0.243368,409.6
2048,1024,0.240792,273.067
2048,1024,0.237374,273.067
2048,1024,0.244246,409.6
2048,1024,0.226423,273.067
2048,1024,0.242654,273.067
2048,1024,0.239672,409.6
2048,1024,0.23814,409.6
4096,1024,0.478211,546.133
4096,1024,0.490084,819.2
4096,1024,0.489075,819.2
4096,1024,0.487459,819.2
4096,1024,0.485308,546.133
4096,1024,0.478072,546.133
4096,1024,0.48329,819.2
4096,1024,0.472012,819.2
4096,1024,0.478924,819.2
4096,1024,0.479892,819.2
8192,1024,0.962915,1092.27
8192,1024,0.955307,1638.4
8192,1024,0.980461,1638.4
8192,1024,0.971191,1638.4
8192,1024,0.962632,1638.4
8192,1024,0.958381,1638.4
8192,1024,0.966038,1638.4
8192,1024,0.943752,1638.4
8192,1024,0.934093,1638.4
8192,1024,0.965156,1092.27
